<?xml version="1.0" encoding="UTF-8"?>
<!-- Generated by org.testng.reporters.JUnitReportReporter -->
<testsuite hostname="L1458212" name="com.stockaccountingTestNG_Lib.StockAccountingLoginTestcase" tests="2" failures="0" timestamp="14 Jul 2016 10:32:41 GMT" time="75.625" errors="0">
  <testcase name="SupplierCreation" time="72.761" classname="com.stockaccountingTestNG_Lib.StockAccountingLoginTestcase"/>
  <testcase name="Check_AdminLogin" time="2.864" classname="com.stockaccountingTestNG_Lib.StockAccountingLoginTestcase"/>
</testsuite> <!-- com.stockaccountingTestNG_Lib.StockAccountingLoginTestcase -->
