<?xml version="1.0" encoding="UTF-8"?>
<!-- Generated by org.testng.reporters.JUnitReportReporter -->
<testsuite hostname="L1458212" name="com.POM.test.SATest" tests="1" failures="0" timestamp="14 Jul 2016 11:45:45 GMT" time="62.032" errors="0">
  <testcase name="excecution" time="62.032" classname="com.POM.test.SATest"/>
</testsuite> <!-- com.POM.test.SATest -->
