<?xml version="1.0" encoding="UTF-8"?>
<!-- Generated by org.testng.reporters.JUnitReportReporter -->
<testsuite hostname="L1458212" name="com.stockaccounting.tests.testNGtest" tests="2" failures="0" timestamp="9 Jul 2016 11:24:40 GMT" time="0.032" errors="0">
  <testcase name="recievemail" time="0.016" classname="com.stockaccounting.tests.testNGtest"/>
  <testcase name="sendmail" time="0.016" classname="com.stockaccounting.tests.testNGtest"/>
</testsuite> <!-- com.stockaccounting.tests.testNGtest -->
