<?xml version="1.0" encoding="UTF-8"?>
<!-- Generated by org.testng.reporters.JUnitReportReporter -->
<testsuite hostname="L1458212" name="com.POM.test.SAccountingTest" tests="1" failures="0" timestamp="18 Jul 2016 11:27:38 GMT" time="40.805" errors="0">
  <testcase name="excecution" time="40.805" classname="com.POM.test.SAccountingTest"/>
</testsuite> <!-- com.POM.test.SAccountingTest -->
